[debug] [2022-07-22T05:39:23.026Z] ----------------------------------------------------------------------
[debug] [2022-07-22T05:39:23.029Z] Command:       C:\Program Files\nodejs\node.exe C:\Users\Shadab\AppData\Roaming\npm\node_modules\firebase-tools\lib\bin\firebase.js init
[debug] [2022-07-22T05:39:23.030Z] CLI Version:   11.3.0
[debug] [2022-07-22T05:39:23.030Z] Platform:      win32
[debug] [2022-07-22T05:39:23.030Z] Node Version:  v16.15.1
[debug] [2022-07-22T05:39:23.031Z] Time:          Fri Jul 22 2022 11:09:23 GMT+0530 (India Standard Time)
[debug] [2022-07-22T05:39:23.032Z] ----------------------------------------------------------------------
[debug] 
[debug] [2022-07-22T05:39:23.045Z] > command requires scopes: ["email","openid","https://www.googleapis.com/auth/cloudplatformprojects.readonly","https://www.googleapis.com/auth/firebase","https://www.googleapis.com/auth/cloud-platform"]
[debug] [2022-07-22T05:39:23.046Z] > authorizing via signed-in user (salim.creation2017@gmail.com)
[info] 
     ######## #### ########  ######## ########     ###     ######  ########
     ##        ##  ##     ## ##       ##     ##  ##   ##  ##       ##
     ######    ##  ########  ######   ########  #########  ######  ######
     ##        ##  ##    ##  ##       ##     ## ##     ##       ## ##
     ##       #### ##     ## ######## ########  ##     ##  ######  ########

You're about to initialize a Firebase project in this directory:

  C:\Users\Shadab\Desktop\React Training Folder\_project\Chat-App

[info] 
=== Project Setup
[info] 
[info] First, let's associate this project directory with a Firebase project.
[info] You can create multiple project aliases by running firebase use --add, 
[info] but for now we'll just set up a default project.
[info] 
[debug] [2022-07-22T05:40:07.711Z] >>> [apiv2][query] GET https://firebase.googleapis.com/v1beta1/projects pageSize=100
[debug] [2022-07-22T05:40:08.496Z] <<< [apiv2][status] GET https://firebase.googleapis.com/v1beta1/projects 200
[debug] [2022-07-22T05:40:08.496Z] <<< [apiv2][body] GET https://firebase.googleapis.com/v1beta1/projects [omitted]
[info] i  Using project message-buddy-e9efb (Message-buddy) 
[info] 
=== Database Setup
[info] i  database: ensuring required API firebasedatabase.googleapis.com is enabled... 
[debug] [2022-07-22T05:40:22.116Z] >>> [apiv2][query] GET https://serviceusage.googleapis.com/v1/projects/message-buddy-e9efb/services/firebasedatabase.googleapis.com [none]
[debug] [2022-07-22T05:40:24.026Z] <<< [apiv2][status] GET https://serviceusage.googleapis.com/v1/projects/message-buddy-e9efb/services/firebasedatabase.googleapis.com 200
[debug] [2022-07-22T05:40:24.026Z] <<< [apiv2][body] GET https://serviceusage.googleapis.com/v1/projects/message-buddy-e9efb/services/firebasedatabase.googleapis.com [omitted]
[info] +  database: required API firebasedatabase.googleapis.com is enabled 
[info] 
[debug] [2022-07-22T05:40:24.028Z] >>> [apiv2][query] GET https://firebasedatabase.googleapis.com/v1beta/projects/message-buddy-e9efb/locations/-/instances/message-buddy-e9efb-default-rtdb [none]
[debug] [2022-07-22T05:40:24.886Z] <<< [apiv2][status] GET https://firebasedatabase.googleapis.com/v1beta/projects/message-buddy-e9efb/locations/-/instances/message-buddy-e9efb-default-rtdb 200
[debug] [2022-07-22T05:40:24.886Z] <<< [apiv2][body] GET https://firebasedatabase.googleapis.com/v1beta/projects/message-buddy-e9efb/locations/-/instances/message-buddy-e9efb-default-rtdb {"name":"projects/332050796865/locations/us-central1/instances/message-buddy-e9efb-default-rtdb","project":"projects/332050796865","databaseUrl":"https://message-buddy-e9efb-default-rtdb.firebaseio.com","type":"DEFAULT_DATABASE","state":"ACTIVE"}
[info] 
[info] Firebase Realtime Database Security Rules allow you to define how your data should be
[info] structured and when your data can be read from and written to.
[info] 
[debug] [2022-07-22T05:40:26.974Z] >>> [apiv2][query] GET https://message-buddy-e9efb-default-rtdb.firebaseio.com/.settings/rules.json [none]
[debug] [2022-07-22T05:40:27.654Z] <<< [apiv2][status] GET https://message-buddy-e9efb-default-rtdb.firebaseio.com/.settings/rules.json 200
[debug] [2022-07-22T05:40:27.654Z] <<< [apiv2][body] GET https://message-buddy-e9efb-default-rtdb.firebaseio.com/.settings/rules.json [stream]
[info] +  Database Rules for message-buddy-e9efb-default-rtdb have been written to database.rules.json. 
[info] Future modifications to database.rules.json will update Realtime Database Security Rules when you run
[info] firebase deploy.
[info] 
=== Hosting Setup
[info] 
[info] Your public directory is the folder (relative to your project directory) that
[info] will contain Hosting assets to be uploaded with firebase deploy. If you
[info] have a build process for your assets, use your build's output directory.
[info] 
[debug] [2022-07-22T05:40:37.836Z] >>> [apiv2][query] GET https://www.gstatic.com/firebasejs/releases.json [none]
[debug] [2022-07-22T05:40:37.994Z] <<< [apiv2][status] GET https://www.gstatic.com/firebasejs/releases.json 200
[debug] [2022-07-22T05:40:37.994Z] <<< [apiv2][body] GET https://www.gstatic.com/firebasejs/releases.json {"current":{"version":"9.9.0","browserURL":"https://www.gstatic.com/firebasejs/9.9.0/firebase.js","packageURL":"https://www.gstatic.com/firebasejs/9.9.0/firebase.tgz"},"live":{"version":"9.9","browserURL":"https://www.gstatic.com/firebasejs/live/9.9/firebase.js","packageURL":"https://www.gstatic.com/firebasejs/live/9.9/firebase.tgz"},"components":{"analytics":"https://www.gstatic.com/firebasejs/9.9.0/firebase-analytics.js","app":"https://www.gstatic.com/firebasejs/9.9.0/firebase-app.js","app-check":"https://www.gstatic.com/firebasejs/9.9.0/firebase-app-check.js","auth":"https://www.gstatic.com/firebasejs/9.9.0/firebase-auth.js","auth/cordova":"https://www.gstatic.com/firebasejs/9.9.0/firebase-auth/cordova.js","auth/react-native":"https://www.gstatic.com/firebasejs/9.9.0/firebase-auth/react-native.js","functions":"https://www.gstatic.com/firebasejs/9.9.0/firebase-functions.js","firestore":"https://www.gstatic.com/firebasejs/9.9.0/firebase-firestore.js","firestore/lite":"https://www.gstatic.com/firebasejs/9.9.0/firebase-firestore/lite.js","installations":"https://www.gstatic.com/firebasejs/9.9.0/firebase-installations.js","storage":"https://www.gstatic.com/firebasejs/9.9.0/firebase-storage.js","performance":"https://www.gstatic.com/firebasejs/9.9.0/firebase-performance.js","remote-config":"https://www.gstatic.com/firebasejs/9.9.0/firebase-remote-config.js","messaging":"https://www.gstatic.com/firebasejs/9.9.0/firebase-messaging.js","messaging/sw":"https://www.gstatic.com/firebasejs/9.9.0/firebase-messaging/sw.js","database":"https://www.gstatic.com/firebasejs/9.9.0/firebase-database.js","firestore.memory":"https://www.gstatic.com/firebasejs/9.9.0/firebase-firestore.memory.js"}}
[info] +  Wrote build/index.html 
[info] 
[info] i  Detected a .git folder at C:\Users\Shadab\Desktop\React Training Folder\_project\Chat-App 
[info] i  Authorizing with GitHub to upload your service account to a GitHub repository's secrets store. 
[info] 
[info] Visit this URL on this device to log in:
[info] https://github.com/login/oauth/authorize?client_id=89cf50f02ac6aaed3484&state=274936473&redirect_uri=http%3A%2F%2Flocalhost%3A9005&scope=read%3Auser%20repo%20public_repo
[info] 
[info] Waiting for authentication...
[debug] [2022-07-22T05:40:46.354Z] >>> [apiv2][query] POST https://github.com/login/oauth/access_token [none]
[debug] [2022-07-22T05:40:46.355Z] >>> [apiv2][body] POST https://github.com/login/oauth/access_token [stream]
[debug] [2022-07-22T05:40:46.818Z] <<< [apiv2][status] POST https://github.com/login/oauth/access_token 200
[debug] [2022-07-22T05:40:46.818Z] <<< [apiv2][body] POST https://github.com/login/oauth/access_token {"access_token":"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","token_type":"bearer","scope":"read:user,repo"}
[debug] [2022-07-22T05:40:46.831Z] >>> [apiv2][query] GET https://api.github.com/user [none]
[debug] [2022-07-22T05:40:47.821Z] <<< [apiv2][status] GET https://api.github.com/user 200
[debug] [2022-07-22T05:40:47.821Z] <<< [apiv2][body] GET https://api.github.com/user {"login":"SalimRaza01","id":108859692,"node_id":"U_kgDOBn0RLA","avatar_url":"https://avatars.githubusercontent.com/u/108859692?v=4","gravatar_id":"","url":"https://api.github.com/users/SalimRaza01","html_url":"https://github.com/SalimRaza01","followers_url":"https://api.github.com/users/SalimRaza01/followers","following_url":"https://api.github.com/users/SalimRaza01/following{/other_user}","gists_url":"https://api.github.com/users/SalimRaza01/gists{/gist_id}","starred_url":"https://api.github.com/users/SalimRaza01/starred{/owner}{/repo}","subscriptions_url":"https://api.github.com/users/SalimRaza01/subscriptions","organizations_url":"https://api.github.com/users/SalimRaza01/orgs","repos_url":"https://api.github.com/users/SalimRaza01/repos","events_url":"https://api.github.com/users/SalimRaza01/events{/privacy}","received_events_url":"https://api.github.com/users/SalimRaza01/received_events","type":"User","site_admin":false,"name":"Salim Raza","company":null,"blog":"","location":"India ","email":null,"hireable":null,"bio":"Software Engineer & Graphic Designer","twitter_username":null,"public_repos":2,"public_gists":0,"followers":0,"following":0,"created_at":"2022-07-07T06:54:14Z","updated_at":"2022-07-21T11:48:28Z","private_gists":0,"total_private_repos":0,"owned_private_repos":0,"disk_usage":1848,"collaborators":0,"two_factor_authentication":false,"plan":{"name":"free","space":976562499,"collaborators":0,"private_repos":10000}}
[info] 
[info] +  Success! Logged into GitHub as SalimRaza01 
[info] 
[debug] [2022-07-22T05:43:15.107Z] >>> [apiv2][query] GET https://api.github.com/repos/github.com/SalimRaza01/MessageBuddy/actions/secrets/public-key type=owner
[debug] [2022-07-22T05:43:15.485Z] <<< [apiv2][status] GET https://api.github.com/repos/github.com/SalimRaza01/MessageBuddy/actions/secrets/public-key 404
[debug] [2022-07-22T05:43:15.485Z] <<< [apiv2][body] GET https://api.github.com/repos/github.com/SalimRaza01/MessageBuddy/actions/secrets/public-key {"message":"Not Found","documentation_url":"https://docs.github.com/rest"}
[debug] [2022-07-22T05:43:21.042Z] >>> [apiv2][query] GET https://api.github.com/repos/github.com/SalimRaza01/MessageBuddy/actions/secrets/public-key type=owner
[debug] [2022-07-22T05:43:21.521Z] <<< [apiv2][status] GET https://api.github.com/repos/github.com/SalimRaza01/MessageBuddy/actions/secrets/public-key 404
[debug] [2022-07-22T05:43:21.521Z] <<< [apiv2][body] GET https://api.github.com/repos/github.com/SalimRaza01/MessageBuddy/actions/secrets/public-key {"message":"Not Found","documentation_url":"https://docs.github.com/rest"}
